{
  "RSpec": {
    "coverage": {
      "/Users/johnnapier/Turing/mod3/projects/rails-engine/config/environment.rb": {
        "lines": [
          null,
          1,
          null,
          null,
          1
        ]
      },
      "/Users/johnnapier/Turing/mod3/projects/rails-engine/config/application.rb": {
        "lines": [
          1,
          null,
          1,
          null,
          1,
          1,
          1,
          1,
          1,
          1,
          1,
          1,
          null,
          null,
          null,
          null,
          null,
          1,
          null,
          1,
          1,
          null,
          1,
          null,
          null,
          null,
          null,
          null,
          null,
          null,
          null,
          null,
          1,
          null,
          null
        ]
      },
      "/Users/johnnapier/Turing/mod3/projects/rails-engine/config/boot.rb": {
        "lines": [
          1,
          null,
          1,
          1
        ]
      },
      "/Users/johnnapier/Turing/mod3/projects/rails-engine/config/environments/test.rb": {
        "lines": [
          1,
          null,
          null,
          null,
          null,
          null,
          null,
          1,
          null,
          null,
          null,
          null,
          1,
          null,
          null,
          1,
          1,
          null,
          null,
          null,
          null,
          1,
          1,
          null,
          null,
          1,
          null,
          null,
          1,
          null,
          null,
          1,
          null,
          1,
          null,
          null,
          null,
          null,
          1,
          null,
          null,
          1,
          null,
          null,
          null,
          null
        ]
      },
      "/Users/johnnapier/Turing/mod3/projects/rails-engine/config/initializers/application_controller_renderer.rb": {
        "lines": [
          null,
          null,
          null,
          null,
          null,
          null,
          null,
          null
        ]
      },
      "/Users/johnnapier/Turing/mod3/projects/rails-engine/config/initializers/backtrace_silencers.rb": {
        "lines": [
          null,
          null,
          null,
          null,
          null,
          null,
          null
        ]
      },
      "/Users/johnnapier/Turing/mod3/projects/rails-engine/config/initializers/cors.rb": {
        "lines": [
          null,
          null,
          null,
          null,
          null,
          null,
          null,
          null,
          null,
          null,
          null,
          null,
          null,
          null,
          null,
          null
        ]
      },
      "/Users/johnnapier/Turing/mod3/projects/rails-engine/config/initializers/filter_parameter_logging.rb": {
        "lines": [
          null,
          null,
          null,
          1
        ]
      },
      "/Users/johnnapier/Turing/mod3/projects/rails-engine/config/initializers/inflections.rb": {
        "lines": [
          null,
          null,
          null,
          null,
          null,
          null,
          null,
          null,
          null,
          null,
          null,
          null,
          null,
          null,
          null,
          null
        ]
      },
      "/Users/johnnapier/Turing/mod3/projects/rails-engine/config/initializers/mime_types.rb": {
        "lines": [
          null,
          null,
          null,
          null
        ]
      },
      "/Users/johnnapier/Turing/mod3/projects/rails-engine/config/initializers/wrap_parameters.rb": {
        "lines": [
          null,
          null,
          null,
          null,
          null,
          null,
          1,
          2,
          null,
          null,
          null,
          null,
          null,
          null
        ]
      },
      "/Users/johnnapier/Turing/mod3/projects/rails-engine/spec/factories/customer.rb": {
        "lines": [
          1,
          1,
          1,
          1,
          null,
          null
        ]
      },
      "/Users/johnnapier/Turing/mod3/projects/rails-engine/spec/factories/invoice.rb": {
        "lines": [
          1,
          1,
          1,
          1,
          1,
          null,
          null
        ]
      },
      "/Users/johnnapier/Turing/mod3/projects/rails-engine/spec/factories/invoice_item.rb": {
        "lines": [
          1,
          1,
          1,
          1,
          1,
          1,
          null,
          null
        ]
      },
      "/Users/johnnapier/Turing/mod3/projects/rails-engine/spec/factories/item.rb": {
        "lines": [
          1,
          1,
          6,
          6,
          6,
          1,
          null,
          null
        ]
      },
      "/Users/johnnapier/Turing/mod3/projects/rails-engine/spec/factories/merchant.rb": {
        "lines": [
          1,
          1,
          6,
          null,
          null
        ]
      },
      "/Users/johnnapier/Turing/mod3/projects/rails-engine/spec/factories/transaction.rb": {
        "lines": [
          1,
          1,
          1,
          1,
          1,
          1,
          null,
          null
        ]
      },
      "/Users/johnnapier/Turing/mod3/projects/rails-engine/config/routes.rb": {
        "lines": [
          1,
          null,
          1,
          1,
          1,
          1,
          null,
          1,
          null,
          1,
          null,
          1,
          null,
          1,
          null,
          null,
          null
        ]
      },
      "/Users/johnnapier/Turing/mod3/projects/rails-engine/app/models/item.rb": {
        "lines": [
          1,
          1,
          null,
          1,
          null,
          null,
          null,
          null
        ]
      },
      "/Users/johnnapier/Turing/mod3/projects/rails-engine/app/models/application_record.rb": {
        "lines": [
          1,
          1,
          null
        ]
      },
      "/Users/johnnapier/Turing/mod3/projects/rails-engine/app/models/merchant.rb": {
        "lines": [
          1,
          1,
          null,
          1,
          null
        ]
      },
      "/Users/johnnapier/Turing/mod3/projects/rails-engine/app/controllers/api/v1/items_controller.rb": {
        "lines": [
          1,
          1,
          0,
          null,
          null,
          1,
          0,
          null,
          null,
          1,
          0,
          0,
          0,
          null,
          null,
          null,
          1,
          0,
          0,
          0,
          null,
          0,
          null,
          null,
          null,
          1,
          0,
          null,
          null,
          1,
          1,
          0,
          null,
          null,
          0,
          0,
          0,
          0,
          null,
          1,
          0,
          1,
          1,
          0,
          0,
          null,
          null,
          0,
          0,
          0,
          0,
          null,
          0,
          null,
          0,
          0,
          null,
          0,
          0,
          null,
          0,
          null,
          null,
          0,
          null,
          null,
          null,
          1,
          1,
          0,
          null,
          null
        ]
      },
      "/Users/johnnapier/Turing/mod3/projects/rails-engine/app/controllers/application_controller.rb": {
        "lines": [
          1,
          null
        ]
      }
    },
    "timestamp": 1644527250
  }
}
